Detalles de la partida:
  Modo: NORMAL
  Numero de ronda: 1
  Duracion: 1001
  Puntajes:
    BrainV2 2268125: 1001
    BrainV2 2618170: 1001
    COMPLETAR NOMBRE DE EQUIPO: 6


Detalles de la partida:
  Modo: NORMAL
  Numero de ronda: 1
  Duracion: 22
  Puntajes:
    COMPLETAR NOMBRE DE EQUIPO: 21
    BrainV2 9306004: 21
    BrainV2 2097917: 10


Detalles de la partida:
  Modo: NORMAL
  Numero de ronda: 1
  Duracion: 18
  Puntajes:
    COMPLETAR NOMBRE DE EQUIPO: 17


Detalles de la partida:
  Modo: NORMAL
  Numero de ronda: 1
  Duracion: 1
  Puntajes:
    COMPLETAR NOMBRE DE EQUIPO: 0


Detalles de la partida:
  Modo: NORMAL
  Numero de ronda: 1
  Duracion: 13
  Puntajes:
    BrainV1 6778536: 12
    BrainV1 1735031: 12
    COMPLETAR NOMBRE DE EQUIPO: 8


Detalles de la partida:
  Modo: NORMAL
  Numero de ronda: 1
  Duracion: 259
  Puntajes:
    BrainV1 1676723: 343
    BrainV1 5676576: 258
    COMPLETAR NOMBRE DE EQUIPO: 2


Detalles de la partida:
  Modo: NORMAL
  Numero de ronda: 1
  Duracion: 6
  Puntajes:
    COMPLETAR NOMBRE DE EQUIPO: 5
    BrainV1 8936930: 2
    BrainV1 3809364: 2


Detalles de la partida:
  Modo: NORMAL
  Numero de ronda: 1
  Duracion: 954
  Puntajes:
    BrainV1 4234986: 3595
    BrainV1 1700516: 2688
    NullPointerExeption: 1036


